{"/Users/yuer/workspaceforme/category/career/container/opensource/defcomment/src/parseComment.js":{"path":"/Users/yuer/workspaceforme/category/career/container/opensource/defcomment/src/parseComment.js","s":{"1":1,"2":1,"3":1,"4":1,"5":1,"6":1,"7":15,"8":15,"9":24,"10":24,"11":24,"12":15,"13":1,"14":15,"15":15,"16":15,"17":24,"18":24,"19":24,"20":9,"21":24,"22":24,"23":15,"24":15,"25":15,"26":15,"27":1,"28":24,"29":24,"30":24,"31":24,"32":24,"33":89,"34":89,"35":89,"36":71,"37":58,"38":58,"39":71,"40":52,"41":24,"42":1,"43":24,"44":24,"45":24,"46":52,"47":52,"48":21,"49":2,"50":21,"51":31,"52":24,"53":19,"54":24,"55":1},"b":{"1":[9,15],"2":[15,0],"3":[71,18],"4":[52,19],"5":[21,31],"6":[2,19],"7":[19,5]},"f":{},"fnMap":{},"statementMap":{"1":{"start":{"line":3,"column":0},"end":{"line":3,"column":45}},"2":{"start":{"line":5,"column":0},"end":{"line":5,"column":36}},"3":{"start":{"line":7,"column":0},"end":{"line":7,"column":32}},"4":{"start":{"line":9,"column":0},"end":{"line":9,"column":32}},"5":{"start":{"line":11,"column":0},"end":{"line":11,"column":30}},"6":{"start":{"line":17,"column":0},"end":{"line":27,"column":2}},"7":{"start":{"line":18,"column":4},"end":{"line":18,"column":40}},"8":{"start":{"line":20,"column":4},"end":{"line":24,"column":5}},"9":{"start":{"line":21,"column":8},"end":{"line":21,"column":30}},"10":{"start":{"line":22,"column":8},"end":{"line":22,"column":54}},"11":{"start":{"line":23,"column":8},"end":{"line":23,"column":48}},"12":{"start":{"line":26,"column":4},"end":{"line":26,"column":18}},"13":{"start":{"line":34,"column":0},"end":{"line":56,"column":2}},"14":{"start":{"line":35,"column":4},"end":{"line":35,"column":27}},"15":{"start":{"line":36,"column":4},"end":{"line":36,"column":19}},"16":{"start":{"line":38,"column":4},"end":{"line":48,"column":5}},"17":{"start":{"line":39,"column":8},"end":{"line":39,"column":29}},"18":{"start":{"line":40,"column":8},"end":{"line":40,"column":59}},"19":{"start":{"line":41,"column":8},"end":{"line":43,"column":9}},"20":{"start":{"line":42,"column":12},"end":{"line":42,"column":53}},"21":{"start":{"line":44,"column":8},"end":{"line":44,"column":58}},"22":{"start":{"line":45,"column":8},"end":{"line":47,"column":11}},"23":{"start":{"line":50,"column":4},"end":{"line":50,"column":55}},"24":{"start":{"line":51,"column":4},"end":{"line":53,"column":5}},"25":{"start":{"line":52,"column":8},"end":{"line":52,"column":25}},"26":{"start":{"line":55,"column":4},"end":{"line":55,"column":25}},"27":{"start":{"line":58,"column":0},"end":{"line":77,"column":2}},"28":{"start":{"line":59,"column":4},"end":{"line":59,"column":55}},"29":{"start":{"line":60,"column":4},"end":{"line":60,"column":75}},"30":{"start":{"line":62,"column":4},"end":{"line":62,"column":36}},"31":{"start":{"line":63,"column":4},"end":{"line":63,"column":22}},"32":{"start":{"line":65,"column":4},"end":{"line":75,"column":5}},"33":{"start":{"line":66,"column":8},"end":{"line":66,"column":28}},"34":{"start":{"line":67,"column":8},"end":{"line":67,"column":27}},"35":{"start":{"line":68,"column":8},"end":{"line":74,"column":9}},"36":{"start":{"line":69,"column":12},"end":{"line":72,"column":13}},"37":{"start":{"line":70,"column":16},"end":{"line":70,"column":41}},"38":{"start":{"line":71,"column":16},"end":{"line":71,"column":35}},"39":{"start":{"line":73,"column":12},"end":{"line":73,"column":42}},"40":{"start":{"line":73,"column":22},"end":{"line":73,"column":42}},"41":{"start":{"line":76,"column":4},"end":{"line":76,"column":20}},"42":{"start":{"line":79,"column":0},"end":{"line":96,"column":2}},"43":{"start":{"line":80,"column":4},"end":{"line":80,"column":24}},"44":{"start":{"line":81,"column":4},"end":{"line":81,"column":22}},"45":{"start":{"line":83,"column":4},"end":{"line":91,"column":5}},"46":{"start":{"line":84,"column":8},"end":{"line":84,"column":28}},"47":{"start":{"line":85,"column":8},"end":{"line":90,"column":9}},"48":{"start":{"line":86,"column":12},"end":{"line":86,"column":59}},"49":{"start":{"line":86,"column":33},"end":{"line":86,"column":59}},"50":{"start":{"line":87,"column":12},"end":{"line":87,"column":30}},"51":{"start":{"line":89,"column":12},"end":{"line":89,"column":32}},"52":{"start":{"line":93,"column":4},"end":{"line":93,"column":51}},"53":{"start":{"line":93,"column":25},"end":{"line":93,"column":51}},"54":{"start":{"line":95,"column":4},"end":{"line":95,"column":22}},"55":{"start":{"line":98,"column":0},"end":{"line":98,"column":30}}},"branchMap":{"1":{"line":41,"type":"if","locations":[{"start":{"line":41,"column":8},"end":{"line":41,"column":8}},{"start":{"line":41,"column":8},"end":{"line":41,"column":8}}]},"2":{"line":51,"type":"if","locations":[{"start":{"line":51,"column":4},"end":{"line":51,"column":4}},{"start":{"line":51,"column":4},"end":{"line":51,"column":4}}]},"3":{"line":68,"type":"if","locations":[{"start":{"line":68,"column":8},"end":{"line":68,"column":8}},{"start":{"line":68,"column":8},"end":{"line":68,"column":8}}]},"4":{"line":73,"type":"if","locations":[{"start":{"line":73,"column":12},"end":{"line":73,"column":12}},{"start":{"line":73,"column":12},"end":{"line":73,"column":12}}]},"5":{"line":85,"type":"if","locations":[{"start":{"line":85,"column":8},"end":{"line":85,"column":8}},{"start":{"line":85,"column":8},"end":{"line":85,"column":8}}]},"6":{"line":86,"type":"if","locations":[{"start":{"line":86,"column":12},"end":{"line":86,"column":12}},{"start":{"line":86,"column":12},"end":{"line":86,"column":12}}]},"7":{"line":93,"type":"if","locations":[{"start":{"line":93,"column":4},"end":{"line":93,"column":4}},{"start":{"line":93,"column":4},"end":{"line":93,"column":4}}]}}},"/Users/yuer/workspaceforme/category/career/container/opensource/defcomment/src/testParser/index.js":{"path":"/Users/yuer/workspaceforme/category/career/container/opensource/defcomment/src/testParser/index.js","s":{"1":1,"2":1,"3":1,"4":9,"5":17,"6":15,"7":15,"8":13,"9":17,"10":4,"11":13,"12":13,"13":2,"14":11,"15":11,"16":1,"17":10,"18":10,"19":8,"20":1,"21":15,"22":15,"23":15,"24":15,"25":2,"26":13,"27":13,"28":1,"29":13,"30":13,"31":13,"32":28,"33":28,"34":1,"35":27,"36":13,"37":1,"38":11,"39":11,"40":11,"41":11,"42":11,"43":8,"44":3,"45":3,"46":2,"47":1,"48":1},"b":{"1":[13,2],"2":[4,13],"3":[2,11],"4":[1,10],"5":[15,0],"6":[15,0],"7":[2,13],"8":[1,27],"9":[8,3],"10":[2,1]},"f":{},"fnMap":{},"statementMap":{"1":{"start":{"line":3,"column":0},"end":{"line":3,"column":47}},"2":{"start":{"line":4,"column":0},"end":{"line":4,"column":43}},"3":{"start":{"line":11,"column":0},"end":{"line":52,"column":2}},"4":{"start":{"line":14,"column":4},"end":{"line":45,"column":11}},"5":{"start":{"line":17,"column":8},"end":{"line":22,"column":11}},"6":{"start":{"line":18,"column":12},"end":{"line":18,"column":44}},"7":{"start":{"line":19,"column":12},"end":{"line":21,"column":13}},"8":{"start":{"line":20,"column":16},"end":{"line":20,"column":28}},"9":{"start":{"line":24,"column":8},"end":{"line":26,"column":9}},"10":{"start":{"line":25,"column":12},"end":{"line":25,"column":24}},"11":{"start":{"line":29,"column":8},"end":{"line":31,"column":11}},"12":{"start":{"line":32,"column":8},"end":{"line":32,"column":33}},"13":{"start":{"line":32,"column":21},"end":{"line":32,"column":33}},"14":{"start":{"line":34,"column":8},"end":{"line":34,"column":58}},"15":{"start":{"line":35,"column":8},"end":{"line":37,"column":9}},"16":{"start":{"line":36,"column":12},"end":{"line":36,"column":187}},"17":{"start":{"line":39,"column":8},"end":{"line":42,"column":11}},"18":{"start":{"line":44,"column":8},"end":{"line":44,"column":20}},"19":{"start":{"line":47,"column":4},"end":{"line":51,"column":6}},"20":{"start":{"line":54,"column":0},"end":{"line":61,"column":2}},"21":{"start":{"line":55,"column":4},"end":{"line":55,"column":34}},"22":{"start":{"line":56,"column":4},"end":{"line":56,"column":44}},"23":{"start":{"line":57,"column":4},"end":{"line":57,"column":26}},"24":{"start":{"line":58,"column":4},"end":{"line":58,"column":29}},"25":{"start":{"line":58,"column":16},"end":{"line":58,"column":29}},"26":{"start":{"line":59,"column":4},"end":{"line":59,"column":25}},"27":{"start":{"line":60,"column":4},"end":{"line":60,"column":17}},"28":{"start":{"line":63,"column":0},"end":{"line":79,"column":2}},"29":{"start":{"line":66,"column":4},"end":{"line":66,"column":22}},"30":{"start":{"line":68,"column":4},"end":{"line":68,"column":19}},"31":{"start":{"line":70,"column":4},"end":{"line":76,"column":5}},"32":{"start":{"line":71,"column":8},"end":{"line":71,"column":32}},"33":{"start":{"line":72,"column":8},"end":{"line":74,"column":9}},"34":{"start":{"line":73,"column":12},"end":{"line":73,"column":18}},"35":{"start":{"line":75,"column":8},"end":{"line":75,"column":25}},"36":{"start":{"line":78,"column":4},"end":{"line":78,"column":35}},"37":{"start":{"line":84,"column":0},"end":{"line":97,"column":2}},"38":{"start":{"line":85,"column":4},"end":{"line":85,"column":23}},"39":{"start":{"line":86,"column":4},"end":{"line":86,"column":50}},"40":{"start":{"line":88,"column":4},"end":{"line":88,"column":47}},"41":{"start":{"line":90,"column":4},"end":{"line":90,"column":37}},"42":{"start":{"line":91,"column":4},"end":{"line":91,"column":29}},"43":{"start":{"line":91,"column":14},"end":{"line":91,"column":29}},"44":{"start":{"line":93,"column":4},"end":{"line":93,"column":33}},"45":{"start":{"line":94,"column":4},"end":{"line":94,"column":29}},"46":{"start":{"line":94,"column":14},"end":{"line":94,"column":29}},"47":{"start":{"line":96,"column":4},"end":{"line":96,"column":16}},"48":{"start":{"line":99,"column":0},"end":{"line":99,"column":28}}},"branchMap":{"1":{"line":19,"type":"if","locations":[{"start":{"line":19,"column":12},"end":{"line":19,"column":12}},{"start":{"line":19,"column":12},"end":{"line":19,"column":12}}]},"2":{"line":24,"type":"if","locations":[{"start":{"line":24,"column":8},"end":{"line":24,"column":8}},{"start":{"line":24,"column":8},"end":{"line":24,"column":8}}]},"3":{"line":32,"type":"if","locations":[{"start":{"line":32,"column":8},"end":{"line":32,"column":8}},{"start":{"line":32,"column":8},"end":{"line":32,"column":8}}]},"4":{"line":35,"type":"if","locations":[{"start":{"line":35,"column":8},"end":{"line":35,"column":8}},{"start":{"line":35,"column":8},"end":{"line":35,"column":8}}]},"5":{"line":55,"type":"binary-expr","locations":[{"start":{"line":55,"column":15},"end":{"line":55,"column":27}},{"start":{"line":55,"column":31},"end":{"line":55,"column":33}}]},"6":{"line":56,"type":"binary-expr","locations":[{"start":{"line":56,"column":17},"end":{"line":56,"column":37}},{"start":{"line":56,"column":41},"end":{"line":56,"column":43}}]},"7":{"line":58,"type":"if","locations":[{"start":{"line":58,"column":4},"end":{"line":58,"column":4}},{"start":{"line":58,"column":4},"end":{"line":58,"column":4}}]},"8":{"line":72,"type":"if","locations":[{"start":{"line":72,"column":8},"end":{"line":72,"column":8}},{"start":{"line":72,"column":8},"end":{"line":72,"column":8}}]},"9":{"line":91,"type":"if","locations":[{"start":{"line":91,"column":4},"end":{"line":91,"column":4}},{"start":{"line":91,"column":4},"end":{"line":91,"column":4}}]},"10":{"line":94,"type":"if","locations":[{"start":{"line":94,"column":4},"end":{"line":94,"column":4}},{"start":{"line":94,"column":4},"end":{"line":94,"column":4}}]}}},"/Users/yuer/workspaceforme/category/career/container/opensource/defcomment/src/testParser/getInjectCode.js":{"path":"/Users/yuer/workspaceforme/category/career/container/opensource/defcomment/src/testParser/getInjectCode.js","s":{"1":1,"2":8,"3":10,"4":8},"b":{},"f":{},"fnMap":{},"statementMap":{"1":{"start":{"line":7,"column":0},"end":{"line":16,"column":2}},"2":{"start":{"line":8,"column":4},"end":{"line":10,"column":6}},"3":{"start":{"line":9,"column":8},"end":{"line":9,"column":73}},"4":{"start":{"line":12,"column":4},"end":{"line":15,"column":7}}},"branchMap":{}},"/Users/yuer/workspaceforme/category/career/container/opensource/defcomment/src/testParser/getTestCode.js":{"path":"/Users/yuer/workspaceforme/category/career/container/opensource/defcomment/src/testParser/getTestCode.js","s":{"1":1,"2":8,"3":10,"4":10,"5":8},"b":{},"f":{},"fnMap":{},"statementMap":{"1":{"start":{"line":3,"column":0},"end":{"line":30,"column":2}},"2":{"start":{"line":4,"column":4},"end":{"line":12,"column":7}},"3":{"start":{"line":5,"column":8},"end":{"line":5,"column":66}},"4":{"start":{"line":6,"column":8},"end":{"line":11,"column":4}},"5":{"start":{"line":14,"column":4},"end":{"line":29,"column":2}}},"branchMap":{}},"/Users/yuer/workspaceforme/category/career/container/opensource/defcomment/src/testRunner/index.js":{"path":"/Users/yuer/workspaceforme/category/career/container/opensource/defcomment/src/testRunner/index.js","s":{"1":1,"2":1,"3":1,"4":1,"5":1,"6":1,"7":1,"8":1,"9":1,"10":1,"11":1,"12":1,"13":1,"14":1,"15":6,"16":6,"17":6,"18":6,"19":1,"20":6,"21":6,"22":6,"23":6,"24":6,"25":6,"26":1,"27":12,"28":12,"29":1,"30":2,"31":0,"32":2,"33":2,"34":2,"35":2,"36":2,"37":2,"38":2,"39":2,"40":2,"41":2,"42":2,"43":0,"44":2,"45":4,"46":4,"47":4,"48":4,"49":4,"50":1,"51":1,"52":1,"53":2,"54":1,"55":2,"56":1,"57":1,"58":1,"59":1,"60":1,"61":1,"62":1,"63":1,"64":1,"65":1,"66":0,"67":0,"68":0,"69":1},"b":{"1":[0,2],"2":[2,1],"3":[2,1],"4":[2,0],"5":[0,2],"6":[1,0],"7":[0,0]},"f":{},"fnMap":{},"statementMap":{"1":{"start":{"line":3,"column":0},"end":{"line":3,"column":46}},"2":{"start":{"line":4,"column":0},"end":{"line":4,"column":42}},"3":{"start":{"line":5,"column":0},"end":{"line":5,"column":41}},"4":{"start":{"line":6,"column":0},"end":{"line":6,"column":23}},"5":{"start":{"line":7,"column":0},"end":{"line":7,"column":25}},"6":{"start":{"line":8,"column":0},"end":{"line":10,"column":29}},"7":{"start":{"line":11,"column":0},"end":{"line":11,"column":27}},"8":{"start":{"line":12,"column":0},"end":{"line":12,"column":27}},"9":{"start":{"line":13,"column":0},"end":{"line":13,"column":35}},"10":{"start":{"line":15,"column":0},"end":{"line":17,"column":23}},"11":{"start":{"line":19,"column":0},"end":{"line":19,"column":40}},"12":{"start":{"line":20,"column":0},"end":{"line":20,"column":38}},"13":{"start":{"line":21,"column":0},"end":{"line":21,"column":42}},"14":{"start":{"line":23,"column":0},"end":{"line":37,"column":2}},"15":{"start":{"line":25,"column":4},"end":{"line":25,"column":36}},"16":{"start":{"line":27,"column":4},"end":{"line":29,"column":37}},"17":{"start":{"line":31,"column":4},"end":{"line":31,"column":48}},"18":{"start":{"line":33,"column":4},"end":{"line":36,"column":6}},"19":{"start":{"line":42,"column":0},"end":{"line":61,"column":2}},"20":{"start":{"line":43,"column":4},"end":{"line":45,"column":44}},"21":{"start":{"line":47,"column":4},"end":{"line":60,"column":7}},"22":{"start":{"line":51,"column":8},"end":{"line":54,"column":11}},"23":{"start":{"line":56,"column":8},"end":{"line":59,"column":11}},"24":{"start":{"line":57,"column":12},"end":{"line":57,"column":41}},"25":{"start":{"line":58,"column":12},"end":{"line":58,"column":38}},"26":{"start":{"line":63,"column":0},"end":{"line":67,"column":2}},"27":{"start":{"line":64,"column":4},"end":{"line":66,"column":7}},"28":{"start":{"line":65,"column":8},"end":{"line":65,"column":48}},"29":{"start":{"line":69,"column":0},"end":{"line":112,"column":2}},"30":{"start":{"line":72,"column":4},"end":{"line":72,"column":61}},"31":{"start":{"line":72,"column":17},"end":{"line":72,"column":61}},"32":{"start":{"line":74,"column":4},"end":{"line":74,"column":34}},"33":{"start":{"line":76,"column":4},"end":{"line":76,"column":61}},"34":{"start":{"line":77,"column":4},"end":{"line":77,"column":61}},"35":{"start":{"line":79,"column":4},"end":{"line":79,"column":36}},"36":{"start":{"line":80,"column":4},"end":{"line":80,"column":36}},"37":{"start":{"line":82,"column":4},"end":{"line":87,"column":7}},"38":{"start":{"line":83,"column":8},"end":{"line":86,"column":11}},"39":{"start":{"line":89,"column":4},"end":{"line":111,"column":7}},"40":{"start":{"line":90,"column":8},"end":{"line":110,"column":11}},"41":{"start":{"line":91,"column":12},"end":{"line":109,"column":15}},"42":{"start":{"line":94,"column":16},"end":{"line":108,"column":17}},"43":{"start":{"line":95,"column":20},"end":{"line":95,"column":32}},"44":{"start":{"line":97,"column":20},"end":{"line":107,"column":23}},"45":{"start":{"line":99,"column":28},"end":{"line":99,"column":70}},"46":{"start":{"line":100,"column":28},"end":{"line":100,"column":72}},"47":{"start":{"line":101,"column":28},"end":{"line":101,"column":72}},"48":{"start":{"line":103,"column":28},"end":{"line":105,"column":31}},"49":{"start":{"line":104,"column":32},"end":{"line":104,"column":88}},"50":{"start":{"line":114,"column":0},"end":{"line":141,"column":2}},"51":{"start":{"line":115,"column":4},"end":{"line":140,"column":7}},"52":{"start":{"line":116,"column":8},"end":{"line":118,"column":15}},"53":{"start":{"line":117,"column":12},"end":{"line":117,"column":41}},"54":{"start":{"line":120,"column":8},"end":{"line":122,"column":14}},"55":{"start":{"line":121,"column":12},"end":{"line":121,"column":43}},"56":{"start":{"line":124,"column":8},"end":{"line":124,"column":37}},"57":{"start":{"line":126,"column":8},"end":{"line":126,"column":53}},"58":{"start":{"line":128,"column":8},"end":{"line":138,"column":9}},"59":{"start":{"line":129,"column":12},"end":{"line":129,"column":42}},"60":{"start":{"line":130,"column":12},"end":{"line":137,"column":15}},"61":{"start":{"line":133,"column":16},"end":{"line":133,"column":64}},"62":{"start":{"line":135,"column":16},"end":{"line":135,"column":46}},"63":{"start":{"line":136,"column":16},"end":{"line":136,"column":40}},"64":{"start":{"line":139,"column":8},"end":{"line":139,"column":20}},"65":{"start":{"line":143,"column":0},"end":{"line":151,"column":2}},"66":{"start":{"line":144,"column":4},"end":{"line":146,"column":7}},"67":{"start":{"line":148,"column":4},"end":{"line":150,"column":7}},"68":{"start":{"line":149,"column":8},"end":{"line":149,"column":48}},"69":{"start":{"line":153,"column":0},"end":{"line":159,"column":2}}},"branchMap":{"1":{"line":72,"type":"if","locations":[{"start":{"line":72,"column":4},"end":{"line":72,"column":4}},{"start":{"line":72,"column":4},"end":{"line":72,"column":4}}]},"2":{"line":76,"type":"binary-expr","locations":[{"start":{"line":76,"column":14},"end":{"line":76,"column":21}},{"start":{"line":76,"column":25},"end":{"line":76,"column":60}}]},"3":{"line":77,"type":"binary-expr","locations":[{"start":{"line":77,"column":14},"end":{"line":77,"column":21}},{"start":{"line":77,"column":25},"end":{"line":77,"column":60}}]},"4":{"line":82,"type":"cond-expr","locations":[{"start":{"line":82,"column":47},"end":{"line":82,"column":70}},{"start":{"line":82,"column":73},"end":{"line":82,"column":77}}]},"5":{"line":94,"type":"if","locations":[{"start":{"line":94,"column":16},"end":{"line":94,"column":16}},{"start":{"line":94,"column":16},"end":{"line":94,"column":16}}]},"6":{"line":128,"type":"if","locations":[{"start":{"line":128,"column":8},"end":{"line":128,"column":8}},{"start":{"line":128,"column":8},"end":{"line":128,"column":8}}]},"7":{"line":145,"type":"binary-expr","locations":[{"start":{"line":145,"column":17},"end":{"line":145,"column":37}},{"start":{"line":145,"column":41},"end":{"line":145,"column":55}}]}}},"/Users/yuer/workspaceforme/category/career/container/opensource/defcomment/src/util.js":{"path":"/Users/yuer/workspaceforme/category/career/container/opensource/defcomment/src/util.js","s":{"1":1,"2":1,"3":1,"4":1,"5":2,"6":1,"7":1,"8":1,"9":1,"10":1},"b":{},"f":{},"fnMap":{},"statementMap":{"1":{"start":{"line":3,"column":0},"end":{"line":3,"column":22}},"2":{"start":{"line":5,"column":0},"end":{"line":7,"column":2}},"3":{"start":{"line":6,"column":4},"end":{"line":6,"column":37}},"4":{"start":{"line":9,"column":0},"end":{"line":11,"column":2}},"5":{"start":{"line":10,"column":4},"end":{"line":10,"column":14}},"6":{"start":{"line":13,"column":0},"end":{"line":15,"column":2}},"7":{"start":{"line":14,"column":4},"end":{"line":14,"column":37}},"8":{"start":{"line":17,"column":0},"end":{"line":19,"column":2}},"9":{"start":{"line":18,"column":4},"end":{"line":18,"column":37}},"10":{"start":{"line":21,"column":0},"end":{"line":26,"column":2}}},"branchMap":{}}}