TN:
SF:/Users/yuer/workspaceforme/category/career/container/opensource/defcomment/src/parseComment.js
FNF:0
FNH:0
DA:3,1
DA:5,1
DA:7,1
DA:9,1
DA:11,1
DA:17,1
DA:18,15
DA:20,15
DA:21,24
DA:22,24
DA:23,24
DA:26,15
DA:34,1
DA:35,15
DA:36,15
DA:38,15
DA:39,24
DA:40,24
DA:41,24
DA:42,9
DA:44,24
DA:45,24
DA:50,15
DA:51,15
DA:52,15
DA:55,15
DA:58,1
DA:59,24
DA:60,24
DA:62,24
DA:63,24
DA:65,24
DA:66,89
DA:67,89
DA:68,89
DA:69,71
DA:70,58
DA:71,58
DA:73,71
DA:76,24
DA:79,1
DA:80,24
DA:81,24
DA:83,24
DA:84,52
DA:85,52
DA:86,21
DA:87,21
DA:89,31
DA:93,24
DA:95,24
DA:98,1
LF:52
LH:52
BRDA:41,1,0,9
BRDA:41,1,1,15
BRDA:51,2,0,15
BRDA:51,2,1,0
BRDA:68,3,0,71
BRDA:68,3,1,18
BRDA:73,4,0,52
BRDA:73,4,1,19
BRDA:85,5,0,21
BRDA:85,5,1,31
BRDA:86,6,0,2
BRDA:86,6,1,19
BRDA:93,7,0,19
BRDA:93,7,1,5
BRF:14
BRH:13
end_of_record
TN:
SF:/Users/yuer/workspaceforme/category/career/container/opensource/defcomment/src/testParser/index.js
FNF:0
FNH:0
DA:3,1
DA:4,1
DA:11,1
DA:14,9
DA:17,17
DA:18,15
DA:19,15
DA:20,13
DA:24,17
DA:25,4
DA:29,13
DA:32,13
DA:34,11
DA:35,11
DA:36,1
DA:39,10
DA:44,10
DA:47,8
DA:54,1
DA:55,15
DA:56,15
DA:57,15
DA:58,15
DA:59,13
DA:60,13
DA:63,1
DA:66,13
DA:68,13
DA:70,13
DA:71,28
DA:72,28
DA:73,1
DA:75,27
DA:78,13
DA:84,1
DA:85,11
DA:86,11
DA:88,11
DA:90,11
DA:91,11
DA:93,3
DA:94,3
DA:96,1
DA:99,1
LF:44
LH:44
BRDA:19,1,0,13
BRDA:19,1,1,2
BRDA:24,2,0,4
BRDA:24,2,1,13
BRDA:32,3,0,2
BRDA:32,3,1,11
BRDA:35,4,0,1
BRDA:35,4,1,10
BRDA:55,5,0,15
BRDA:55,5,1,0
BRDA:56,6,0,15
BRDA:56,6,1,0
BRDA:58,7,0,2
BRDA:58,7,1,13
BRDA:72,8,0,1
BRDA:72,8,1,27
BRDA:91,9,0,8
BRDA:91,9,1,3
BRDA:94,10,0,2
BRDA:94,10,1,1
BRF:20
BRH:18
end_of_record
TN:
SF:/Users/yuer/workspaceforme/category/career/container/opensource/defcomment/src/testParser/getInjectCode.js
FNF:0
FNH:0
DA:7,1
DA:8,8
DA:9,10
DA:12,8
LF:4
LH:4
BRF:0
BRH:0
end_of_record
TN:
SF:/Users/yuer/workspaceforme/category/career/container/opensource/defcomment/src/testParser/getTestCode.js
FNF:0
FNH:0
DA:3,1
DA:4,8
DA:5,10
DA:6,10
DA:14,8
LF:5
LH:5
BRF:0
BRH:0
end_of_record
TN:
SF:/Users/yuer/workspaceforme/category/career/container/opensource/defcomment/src/testRunner/index.js
FNF:0
FNH:0
DA:3,1
DA:4,1
DA:5,1
DA:6,1
DA:7,1
DA:8,1
DA:11,1
DA:12,1
DA:13,1
DA:15,1
DA:19,1
DA:20,1
DA:21,1
DA:23,1
DA:25,6
DA:27,6
DA:31,6
DA:33,6
DA:42,1
DA:43,6
DA:47,6
DA:51,6
DA:56,6
DA:57,6
DA:58,6
DA:63,1
DA:64,12
DA:65,12
DA:69,1
DA:72,2
DA:74,2
DA:76,2
DA:77,2
DA:79,2
DA:80,2
DA:82,2
DA:83,2
DA:89,2
DA:90,2
DA:91,2
DA:94,2
DA:95,0
DA:97,2
DA:99,4
DA:100,4
DA:101,4
DA:103,4
DA:104,4
DA:114,1
DA:115,1
DA:116,1
DA:117,2
DA:120,1
DA:121,2
DA:124,1
DA:126,1
DA:128,1
DA:129,1
DA:130,1
DA:133,1
DA:135,1
DA:136,1
DA:139,1
DA:143,1
DA:144,0
DA:148,0
DA:149,0
DA:153,1
LF:68
LH:64
BRDA:72,1,0,0
BRDA:72,1,1,2
BRDA:76,2,0,2
BRDA:76,2,1,1
BRDA:77,3,0,2
BRDA:77,3,1,1
BRDA:82,4,0,2
BRDA:82,4,1,0
BRDA:94,5,0,0
BRDA:94,5,1,2
BRDA:128,6,0,1
BRDA:128,6,1,0
BRDA:145,7,0,0
BRDA:145,7,1,0
BRF:14
BRH:8
end_of_record
TN:
SF:/Users/yuer/workspaceforme/category/career/container/opensource/defcomment/src/util.js
FNF:0
FNH:0
DA:3,1
DA:5,1
DA:6,1
DA:9,1
DA:10,2
DA:13,1
DA:14,1
DA:17,1
DA:18,1
DA:21,1
LF:10
LH:10
BRF:0
BRH:0
end_of_record
